<?xml version="1.0" encoding="UTF-8"?>
<testng-results total="1" passed="1" failed="0" skipped="0">
  <reporter-output>
  </reporter-output>
  <suite started-at="2023-09-18T19:57:14Z" name="Default suite" finished-at="2023-09-18T19:57:15Z" duration-ms="1028">
    <groups>
    </groups>
    <test started-at="2023-09-18T19:57:14Z" name="Default test" finished-at="2023-09-18T19:57:15Z" duration-ms="1028">
      <class name="mydata.PostmanData">
        <test-method signature="get()" started-at="2023-09-18T19:57:14Z" name="get" finished-at="2023-09-18T19:57:15Z" duration-ms="1016" status="PASS">
        </test-method>
      </class>
    </test>
  </suite>
</testng-results>
