<?xml version="1.0" encoding="UTF-8"?>
<testng-results total="1" passed="1" failed="0" skipped="0">
  <reporter-output>
  </reporter-output>
  <suite started-at="2023-08-18T16:25:29Z" name="Default suite" finished-at="2023-08-18T16:26:24Z" duration-ms="54933">
    <groups>
    </groups>
    <test started-at="2023-08-18T16:25:29Z" name="Default test" finished-at="2023-08-18T16:26:24Z" duration-ms="54933">
      <class name="testngen.pageom.pageexecution.TaskDemoQAExcelExecution">
        <test-method is-config="true" signature="launchDemoQA()" started-at="2023-08-18T16:25:29Z" name="launchDemoQA" description="launch the DemoQA Site" finished-at="2023-08-18T16:26:14Z" duration-ms="44543" status="PASS">
        </test-method>
        <test-method signature="testDemoInputs(java.lang.String, java.lang.String, java.lang.String, java.lang.String, java.lang.String, java.lang.String, java.lang.String, java.lang.String, java.lang.String)" started-at="2023-08-18T16:26:15Z" name="testDemoInputs" description="test excel inputs" finished-at="2023-08-18T16:26:24Z" duration-ms="9578" status="PASS">
          <params>
            <param index="0">
              <value>
                <![CDATA[Kumaresan]]>
              </value>
            </param>
            <param index="1">
              <value>
                <![CDATA[L]]>
              </value>
            </param>
            <param index="2">
              <value>
                <![CDATA[kumaresan@gmail.com]]>
              </value>
            </param>
            <param index="3">
              <value>
                <![CDATA[8610450571]]>
              </value>
            </param>
            <param index="4">
              <value>
                <![CDATA[Computer Science]]>
              </value>
            </param>
            <param index="5">
              <value>
                <![CDATA[60,Mela Sunnamebu kara Street]]>
              </value>
            </param>
            <param index="6">
              <value>
                <![CDATA[Uttar Pradesh]]>
              </value>
            </param>
            <param index="7">
              <value>
                <![CDATA[October]]>
              </value>
            </param>
            <param index="8">
              <value>
                <![CDATA[1998]]>
              </value>
            </param>
          </params>
        </test-method>
        <test-method is-config="true" signature="quitDemoQA()" started-at="2023-08-18T16:26:24Z" name="quitDemoQA" description="finally quit the demoQA" finished-at="2023-08-18T16:26:24Z" duration-ms="113" status="PASS">
        </test-method>
      </class>
    </test>
  </suite>
</testng-results>
