<?xml version="1.0" encoding="UTF-8"?>
<testng-results total="1" passed="1" failed="0" skipped="0">
  <reporter-output>
  </reporter-output>
  <suite started-at="2024-03-14T22:10:18Z" name="Default suite" finished-at="2024-03-14T22:10:19Z" duration-ms="1002">
    <groups>
    </groups>
    <test started-at="2024-03-14T22:10:18Z" name="Default test" finished-at="2024-03-14T22:10:19Z" duration-ms="1002">
      <class name="test.pageom.basepackage.ApiTest">
        <test-method signature="delete()" started-at="2024-03-14T22:10:18Z" name="delete" finished-at="2024-03-14T22:10:19Z" duration-ms="995" status="PASS">
        </test-method>
      </class>
    </test>
  </suite>
</testng-results>
