<?xml version="1.0" encoding="UTF-8"?>
<testng-results total="2" passed="2" failed="0" skipped="0">
  <reporter-output>
  </reporter-output>
  <suite started-at="2023-09-05T16:22:57Z" name="Flipkart" finished-at="2023-09-05T16:23:15Z" duration-ms="17365">
    <groups>
      <group name="successtests">
        <method signature="pageom.testngen.pageexecution.FlipkartLoginExecution.checkMobileNumberInChrome(java.lang.String)" name="checkMobileNumberInChrome" class="pageom.testngen.pageexecution.FlipkartLoginExecution"/>
        <method signature="pageom.testngen.pageexecution.FlipkartLoginExecution.checkMobileNumberInFirefox(java.lang.String)" name="checkMobileNumberInFirefox" class="pageom.testngen.pageexecution.FlipkartLoginExecution"/>
      </group>
    </groups>
    <test started-at="2023-09-05T16:22:57Z" name="CrossBrowserTest" finished-at="2023-09-05T16:23:15Z" duration-ms="17365">
      <class name="pageom.testngen.pageexecution.FlipkartLoginExecution">
        <test-method is-config="true" signature="groups()" started-at="2023-09-05T16:22:57Z" name="groups" finished-at="2023-09-05T16:22:57Z" duration-ms="5" status="PASS">
        </test-method>
        <test-method signature="checkMobileNumberInChrome(java.lang.String)" started-at="2023-09-05T16:22:57Z" name="checkMobileNumberInChrome" finished-at="2023-09-05T16:23:04Z" duration-ms="7320" status="PASS">
          <params>
            <param index="0">
              <value>
                <![CDATA[chrome]]>
              </value>
            </param>
          </params>
        </test-method>
        <test-method signature="checkMobileNumberInFirefox(java.lang.String)" started-at="2023-09-05T16:23:04Z" name="checkMobileNumberInFirefox" finished-at="2023-09-05T16:23:15Z" duration-ms="10025" status="PASS">
          <params>
            <param index="0">
              <value>
                <![CDATA[firefox]]>
              </value>
            </param>
          </params>
        </test-method>
      </class>
    </test>
  </suite>
</testng-results>
